Fitter report for EPT_5M57_AP_U2_Top
Mon Nov 02 22:41:07 2015
Quartus II 64-Bit Version 15.0.0 Build 145 04/22/2015 SJ Web Edition


---------------------
; Table of Contents ;
---------------------
  1. Legal Notice
  2. Fitter Summary
  3. Fitter Settings
  4. Parallel Compilation
  5. I/O Assignment Warnings
  6. Pin-Out File
  7. Fitter Resource Usage Summary
  8. Input Pins
  9. Output Pins
 10. Bidir Pins
 11. I/O Bank Usage
 12. All Package Pins
 13. Output Pin Default Load For Reported TCO
 14. Fitter Resource Utilization by Entity
 15. Delay Chain Summary
 16. Control Signals
 17. Global & Other Fast Signals
 18. Routing Usage Summary
 19. LAB Logic Elements
 20. LAB-wide Signals
 21. LAB Signals Sourced
 22. LAB Signals Sourced Out
 23. LAB Distinct Inputs
 24. Fitter Device Options
 25. Fitter Messages
 26. Fitter Suppressed Messages



----------------
; Legal Notice ;
----------------
Copyright (C) 1991-2015 Altera Corporation. All rights reserved.
Your use of Altera Corporation's design tools, logic functions 
and other software and tools, and its AMPP partner logic 
functions, and any output files from any of the foregoing 
(including device programming or simulation files), and any 
associated documentation or information are expressly subject 
to the terms and conditions of the Altera Program License 
Subscription Agreement, the Altera Quartus II License Agreement,
the Altera MegaCore Function License Agreement, or other 
applicable license agreement, including, without limitation, 
that your use is for the sole purpose of programming logic 
devices manufactured by Altera and sold by Altera or its 
authorized distributors.  Please refer to the applicable 
agreement for further details.



+------------------------------------------------------------------------+
; Fitter Summary                                                         ;
+---------------------------+--------------------------------------------+
; Fitter Status             ; Successful - Mon Nov 02 22:41:07 2015      ;
; Quartus II 64-Bit Version ; 15.0.0 Build 145 04/22/2015 SJ Web Edition ;
; Revision Name             ; EPT_5M57_AP_U2_Top                         ;
; Top-level Entity Name     ; EPT_5M57_AP_U2_Top                         ;
; Family                    ; MAX V                                      ;
; Device                    ; 5M570ZT100C5                               ;
; Timing Models             ; Final                                      ;
; Total logic elements      ; 324 / 570 ( 57 % )                         ;
; Total pins                ; 51 / 74 ( 69 % )                           ;
; Total virtual pins        ; 0                                          ;
; UFM blocks                ; 0 / 1 ( 0 % )                              ;
+---------------------------+--------------------------------------------+


+----------------------------------------------------------------------------------------------------------------------------------------------+
; Fitter Settings                                                                                                                              ;
+----------------------------------------------------------------------------+--------------------------------+--------------------------------+
; Option                                                                     ; Setting                        ; Default Value                  ;
+----------------------------------------------------------------------------+--------------------------------+--------------------------------+
; Device                                                                     ; 5M570ZT100C5                   ;                                ;
; Minimum Core Junction Temperature                                          ; 0                              ;                                ;
; Maximum Core Junction Temperature                                          ; 85                             ;                                ;
; Fit Attempts to Skip                                                       ; 0                              ; 0.0                            ;
; Device I/O Standard                                                        ; 3.3-V LVTTL                    ;                                ;
; Use smart compilation                                                      ; Off                            ; Off                            ;
; Enable parallel Assembler and TimeQuest Timing Analyzer during compilation ; On                             ; On                             ;
; Enable compact report table                                                ; Off                            ; Off                            ;
; Router Timing Optimization Level                                           ; Normal                         ; Normal                         ;
; Placement Effort Multiplier                                                ; 1.0                            ; 1.0                            ;
; Router Effort Multiplier                                                   ; 1.0                            ; 1.0                            ;
; Always Enable Input Buffers                                                ; Off                            ; Off                            ;
; Optimize Hold Timing                                                       ; IO Paths and Minimum TPD Paths ; IO Paths and Minimum TPD Paths ;
; Optimize Multi-Corner Timing                                               ; Off                            ; Off                            ;
; Guarantee I/O Paths Have Zero Hold Time at Fast Corner                     ; On                             ; On                             ;
; PowerPlay Power Optimization During Fitting                                ; Normal compilation             ; Normal compilation             ;
; Optimize Timing                                                            ; Normal compilation             ; Normal compilation             ;
; Optimize Timing for ECOs                                                   ; Off                            ; Off                            ;
; Regenerate Full Fit Report During ECO Compiles                             ; Off                            ; Off                            ;
; Optimize IOC Register Placement for Timing                                 ; Normal                         ; Normal                         ;
; Limit to One Fitting Attempt                                               ; Off                            ; Off                            ;
; Final Placement Optimizations                                              ; Automatically                  ; Automatically                  ;
; Fitter Aggressive Routability Optimizations                                ; Automatically                  ; Automatically                  ;
; Fitter Initial Placement Seed                                              ; 1                              ; 1                              ;
; Slow Slew Rate                                                             ; Off                            ; Off                            ;
; PCI I/O                                                                    ; Off                            ; Off                            ;
; Weak Pull-Up Resistor                                                      ; Off                            ; Off                            ;
; Enable Bus-Hold Circuitry                                                  ; Off                            ; Off                            ;
; Auto Delay Chains                                                          ; On                             ; On                             ;
; Auto Delay Chains for High Fanout Input Pins                               ; Off                            ; Off                            ;
; Perform Physical Synthesis for Combinational Logic for Performance         ; Off                            ; Off                            ;
; Perform Register Duplication for Performance                               ; Off                            ; Off                            ;
; Perform Register Retiming for Performance                                  ; Off                            ; Off                            ;
; Perform Asynchronous Signal Pipelining                                     ; Off                            ; Off                            ;
; Fitter Effort                                                              ; Auto Fit                       ; Auto Fit                       ;
; Physical Synthesis Effort Level                                            ; Normal                         ; Normal                         ;
; Logic Cell Insertion - Logic Duplication                                   ; Auto                           ; Auto                           ;
; Auto Register Duplication                                                  ; Auto                           ; Auto                           ;
; Auto Global Clock                                                          ; On                             ; On                             ;
; Auto Global Register Control Signals                                       ; On                             ; On                             ;
; Force Fitter to Avoid Periphery Placement Warnings                         ; Off                            ; Off                            ;
+----------------------------------------------------------------------------+--------------------------------+--------------------------------+


+------------------------------------------+
; Parallel Compilation                     ;
+----------------------------+-------------+
; Processors                 ; Number      ;
+----------------------------+-------------+
; Number detected on machine ; 4           ;
; Maximum allowed            ; 4           ;
;                            ;             ;
; Average used               ; 1.00        ;
; Maximum used               ; 4           ;
;                            ;             ;
; Usage by Processor         ; % Time Used ;
;     Processor 1            ; 100.0%      ;
;     Processors 2-4         ; < 0.1%      ;
+----------------------------+-------------+


+----------------------------------------+
; I/O Assignment Warnings                ;
+----------+-----------------------------+
; Pin Name ; Reason                      ;
+----------+-----------------------------+
; LB_AD[5] ; Missing location assignment ;
+----------+-----------------------------+


+--------------+
; Pin-Out File ;
+--------------+
The pin-out file can be found in C:/Jolly/Products/Earth People Technology/UNOPROLOGIC2_USB_CPLD_PROJECT_2.2_DVD/Projects_HDL/EPT_5M57_AP_U2_Data_Collector/EPT_5M57_AP_U2_Top/output_files/EPT_5M57_AP_U2_Top.pin.


+---------------------------------------------------------------------+
; Fitter Resource Usage Summary                                       ;
+---------------------------------------------+-----------------------+
; Resource                                    ; Usage                 ;
+---------------------------------------------+-----------------------+
; Total logic elements                        ; 324 / 570 ( 57 % )    ;
;     -- Combinational with no register       ; 136                   ;
;     -- Register only                        ; 13                    ;
;     -- Combinational with a register        ; 175                   ;
;                                             ;                       ;
; Logic element usage by number of LUT inputs ;                       ;
;     -- 4 input functions                    ; 98                    ;
;     -- 3 input functions                    ; 63                    ;
;     -- 2 input functions                    ; 132                   ;
;     -- 1 input functions                    ; 15                    ;
;     -- 0 input functions                    ; 3                     ;
;                                             ;                       ;
; Logic elements by mode                      ;                       ;
;     -- normal mode                          ; 272                   ;
;     -- arithmetic mode                      ; 52                    ;
;     -- qfbk mode                            ; 33                    ;
;     -- register cascade mode                ; 0                     ;
;     -- synchronous clear/load mode          ; 67                    ;
;     -- asynchronous clear/load mode         ; 176                   ;
;                                             ;                       ;
; Total registers                             ; 188 / 570 ( 33 % )    ;
; Total LABs                                  ; 39 / 57 ( 68 % )      ;
; Logic elements in carry chains              ; 59                    ;
; Virtual pins                                ; 0                     ;
; I/O pins                                    ; 51 / 74 ( 69 % )      ;
;     -- Clock pins                           ; 2 / 4 ( 50 % )        ;
;                                             ;                       ;
; Global signals                              ; 4                     ;
; UFM blocks                                  ; 0 / 1 ( 0 % )         ;
;                                             ;                       ;
;     -- Total Fixed Point DSP Blocks         ; 0                     ;
;     -- Total Floating Point DSP Blocks      ; 0                     ;
;                                             ;                       ;
; Global clocks                               ; 4 / 4 ( 100 % )       ;
; JTAGs                                       ; 0 / 1 ( 0 % )         ;
; Average interconnect usage (total/H/V)      ; 15.4% / 19.5% / 11.0% ;
; Peak interconnect usage (total/H/V)         ; 15.4% / 19.5% / 11.0% ;
; Maximum fan-out                             ; 188                   ;
; Highest non-global fan-out                  ; 20                    ;
; Total fan-out                               ; 1419                  ;
; Average fan-out                             ; 3.78                  ;
+---------------------------------------------+-----------------------+


+-----------------------------------------------------------------------------------------------------------------------------------------------------------------------------------------------------------------------------------+
; Input Pins                                                                                                                                                                                                                        ;
+-----------+-------+----------+--------------+--------------+-------------+-----------------------+--------------------+--------+-----------------+----------+--------------+--------------+----------------------+----------------+
; Name      ; Pin # ; I/O Bank ; X coordinate ; Y coordinate ; Cell number ; Combinational Fan-Out ; Registered Fan-Out ; Global ; PCI I/O Enabled ; Bus Hold ; Weak Pull Up ; I/O Standard ; Location assigned by ; Slow Slew Rate ;
+-----------+-------+----------+--------------+--------------+-------------+-----------------------+--------------------+--------+-----------------+----------+--------------+--------------+----------------------+----------------+
; LB_AD[0]  ; 41    ; 1        ; 7            ; 3            ; 1           ; 5                     ; 0                  ; no     ; no              ; no       ; Off          ; 3.3-V LVTTL  ; User                 ; no             ;
; LB_AD[1]  ; 40    ; 1        ; 7            ; 3            ; 2           ; 0                     ; 0                  ; no     ; no              ; no       ; Off          ; 3.3-V LVTTL  ; User                 ; no             ;
; LB_AD[2]  ; 38    ; 1        ; 7            ; 3            ; 3           ; 0                     ; 0                  ; no     ; no              ; no       ; Off          ; 3.3-V LVTTL  ; User                 ; no             ;
; LB_AD[3]  ; 36    ; 1        ; 6            ; 3            ; 0           ; 0                     ; 0                  ; no     ; no              ; no       ; Off          ; 3.3-V LVTTL  ; User                 ; no             ;
; LB_AD[4]  ; 35    ; 1        ; 6            ; 3            ; 1           ; 0                     ; 0                  ; no     ; no              ; no       ; Off          ; 3.3-V LVTTL  ; User                 ; no             ;
; LB_AD[5]  ; 73    ; 2        ; 13           ; 7            ; 5           ; 0                     ; 0                  ; no     ; no              ; no       ; Off          ; 3.3-V LVTTL  ; Fitter               ; no             ;
; LB_IOL[0] ; 81    ; 2        ; 10           ; 8            ; 3           ; 1                     ; 0                  ; no     ; no              ; no       ; Off          ; 3.3-V LVTTL  ; User                 ; no             ;
; LB_IOL[1] ; 82    ; 2        ; 9            ; 8            ; 0           ; 1                     ; 0                  ; no     ; no              ; no       ; Off          ; 3.3-V LVTTL  ; User                 ; no             ;
; LB_IOL[2] ; 83    ; 2        ; 8            ; 8            ; 0           ; 1                     ; 0                  ; no     ; no              ; no       ; Off          ; 3.3-V LVTTL  ; User                 ; no             ;
; LB_IOL[3] ; 84    ; 2        ; 8            ; 8            ; 1           ; 1                     ; 0                  ; no     ; no              ; no       ; Off          ; 3.3-V LVTTL  ; User                 ; no             ;
; LB_IOL[4] ; 78    ; 2        ; 12           ; 8            ; 3           ; 1                     ; 0                  ; no     ; no              ; no       ; Off          ; 3.3-V LVTTL  ; User                 ; no             ;
; LB_IOL[5] ; 77    ; 2        ; 12           ; 8            ; 2           ; 1                     ; 0                  ; no     ; no              ; no       ; Off          ; 3.3-V LVTTL  ; User                 ; no             ;
; LB_IOL[6] ; 76    ; 2        ; 12           ; 8            ; 1           ; 1                     ; 0                  ; no     ; no              ; no       ; Off          ; 3.3-V LVTTL  ; User                 ; no             ;
; LB_IOL[7] ; 75    ; 2        ; 13           ; 7            ; 1           ; 1                     ; 0                  ; no     ; no              ; no       ; Off          ; 3.3-V LVTTL  ; User                 ; no             ;
; LB_SER[0] ; 42    ; 1        ; 7            ; 3            ; 0           ; 0                     ; 0                  ; no     ; no              ; no       ; Off          ; 3.3-V LVTTL  ; User                 ; no             ;
; LB_SER[1] ; 33    ; 1        ; 6            ; 3            ; 3           ; 0                     ; 0                  ; no     ; no              ; no       ; Off          ; 3.3-V LVTTL  ; User                 ; no             ;
; SW_USER_1 ; 20    ; 1        ; 1            ; 3            ; 3           ; 3                     ; 0                  ; no     ; no              ; no       ; Off          ; 3.3-V LVTTL  ; User                 ; no             ;
; SW_USER_2 ; 21    ; 1        ; 1            ; 3            ; 1           ; 2                     ; 0                  ; no     ; no              ; no       ; Off          ; 3.3-V LVTTL  ; User                 ; no             ;
; aa[0]     ; 44    ; 1        ; 8            ; 3            ; 2           ; 121                   ; 0                  ; yes    ; no              ; no       ; Off          ; 3.3-V LVTTL  ; User                 ; no             ;
; aa[1]     ; 12    ; 1        ; 0            ; 5            ; 0           ; 188                   ; 0                  ; yes    ; no              ; no       ; Off          ; 3.3-V LVTTL  ; User                 ; no             ;
; bc_in[0]  ; 4     ; 1        ; 0            ; 7            ; 0           ; 3                     ; 0                  ; no     ; no              ; no       ; Off          ; 3.3-V LVTTL  ; User                 ; no             ;
; bc_in[1]  ; 5     ; 1        ; 0            ; 7            ; 2           ; 1                     ; 0                  ; no     ; no              ; no       ; Off          ; 3.3-V LVTTL  ; User                 ; no             ;
+-----------+-------+----------+--------------+--------------+-------------+-----------------------+--------------------+--------+-----------------+----------+--------------+--------------+----------------------+----------------+


+-----------------------------------------------------------------------------------------------------------------------------------------------------------------------------------------------------------------------------------------------------------------------------------------------------------------------------+
; Output Pins                                                                                                                                                                                                                                                                                                                 ;
+-----------+-------+----------+--------------+--------------+-------------+-----------------+----------------+-----------------+------------+---------------+----------+--------------+--------------+------------------+------------------------+----------------------+-------+----------------------+---------------------+
; Name      ; Pin # ; I/O Bank ; X coordinate ; Y coordinate ; Cell number ; Output Register ; Slow Slew Rate ; PCI I/O Enabled ; Open Drain ; TRI Primitive ; Bus Hold ; Weak Pull Up ; I/O Standard ; Current Strength ; Fast Output Connection ; Location assigned by ; Load  ; Output Enable Source ; Output Enable Group ;
+-----------+-------+----------+--------------+--------------+-------------+-----------------+----------------+-----------------+------------+---------------+----------+--------------+--------------+------------------+------------------------+----------------------+-------+----------------------+---------------------+
; LB_IOH[0] ; 87    ; 2        ; 7            ; 8            ; 0           ; no              ; no             ; no              ; no         ; yes           ; no       ; Off          ; 3.3-V LVTTL  ; 16mA             ; yes                    ; User                 ; 10 pF ; -                    ; -                   ;
; LB_IOH[1] ; 89    ; 2        ; 7            ; 8            ; 1           ; no              ; no             ; no              ; yes        ; no            ; no       ; Off          ; 3.3-V LVTTL  ; 16mA             ; yes                    ; User                 ; 10 pF ; -                    ; -                   ;
; LB_IOH[2] ; 91    ; 2        ; 6            ; 8            ; 2           ; no              ; no             ; no              ; yes        ; no            ; no       ; Off          ; 3.3-V LVTTL  ; 16mA             ; yes                    ; User                 ; 10 pF ; -                    ; -                   ;
; LB_IOH[3] ; 92    ; 2        ; 6            ; 8            ; 3           ; no              ; no             ; no              ; yes        ; no            ; no       ; Off          ; 3.3-V LVTTL  ; 16mA             ; yes                    ; User                 ; 10 pF ; -                    ; -                   ;
; LB_IOH[4] ; 96    ; 2        ; 5            ; 8            ; 1           ; no              ; no             ; no              ; yes        ; no            ; no       ; Off          ; 3.3-V LVTTL  ; 16mA             ; no                     ; User                 ; 10 pF ; -                    ; -                   ;
; LB_IOH[5] ; 97    ; 2        ; 5            ; 8            ; 2           ; no              ; no             ; no              ; yes        ; no            ; no       ; Off          ; 3.3-V LVTTL  ; 16mA             ; no                     ; User                 ; 10 pF ; -                    ; -                   ;
; LB_IOH[6] ; 98    ; 2        ; 4            ; 8            ; 1           ; no              ; no             ; no              ; no         ; yes           ; no       ; Off          ; 3.3-V LVTTL  ; 16mA             ; no                     ; User                 ; 10 pF ; -                    ; -                   ;
; LB_IOH[7] ; 99    ; 2        ; 4            ; 8            ; 2           ; no              ; no             ; no              ; yes        ; no            ; no       ; Off          ; 3.3-V LVTTL  ; 16mA             ; no                     ; User                 ; 10 pF ; -                    ; -                   ;
; LED[0]    ; 54    ; 2        ; 13           ; 1            ; 1           ; no              ; no             ; no              ; yes        ; no            ; no       ; Off          ; 3.3-V LVTTL  ; 16mA             ; no                     ; User                 ; 10 pF ; -                    ; -                   ;
; LED[1]    ; 53    ; 2        ; 13           ; 1            ; 3           ; no              ; no             ; no              ; yes        ; no            ; no       ; Off          ; 3.3-V LVTTL  ; 16mA             ; no                     ; User                 ; 10 pF ; -                    ; -                   ;
; LED[2]    ; 52    ; 2        ; 13           ; 1            ; 4           ; no              ; no             ; no              ; yes        ; no            ; no       ; Off          ; 3.3-V LVTTL  ; 16mA             ; no                     ; User                 ; 10 pF ; -                    ; -                   ;
; LED[3]    ; 51    ; 1        ; 12           ; 0            ; 2           ; no              ; no             ; no              ; yes        ; no            ; no       ; Off          ; 3.3-V LVTTL  ; 16mA             ; no                     ; User                 ; 10 pF ; -                    ; -                   ;
; TR_DIR_1  ; 100   ; 2        ; 3            ; 8            ; 0           ; no              ; no             ; no              ; no         ; no            ; no       ; Off          ; 3.3-V LVTTL  ; 16mA             ; no                     ; User                 ; 10 pF ; -                    ; -                   ;
; TR_DIR_2  ; 29    ; 1        ; 4            ; 3            ; 2           ; no              ; no             ; no              ; no         ; no            ; no       ; Off          ; 3.3-V LVTTL  ; 16mA             ; no                     ; User                 ; 10 pF ; -                    ; -                   ;
; TR_DIR_3  ; 85    ; 2        ; 8            ; 8            ; 2           ; no              ; no             ; no              ; no         ; no            ; no       ; Off          ; 3.3-V LVTTL  ; 16mA             ; no                     ; User                 ; 10 pF ; -                    ; -                   ;
; TR_OE_1   ; 86    ; 2        ; 8            ; 8            ; 3           ; no              ; no             ; no              ; no         ; no            ; no       ; Off          ; 3.3-V LVTTL  ; 16mA             ; no                     ; User                 ; 10 pF ; -                    ; -                   ;
; TR_OE_2   ; 28    ; 1        ; 4            ; 3            ; 3           ; no              ; no             ; no              ; no         ; no            ; no       ; Off          ; 3.3-V LVTTL  ; 16mA             ; no                     ; User                 ; 10 pF ; -                    ; -                   ;
; TR_OE_3   ; 74    ; 2        ; 13           ; 7            ; 3           ; no              ; no             ; no              ; no         ; no            ; no       ; Off          ; 3.3-V LVTTL  ; 16mA             ; no                     ; User                 ; 10 pF ; -                    ; -                   ;
; bc_out[0] ; 1     ; 2        ; 3            ; 8            ; 3           ; no              ; no             ; no              ; no         ; no            ; no       ; Off          ; 3.3-V LVTTL  ; 16mA             ; no                     ; User                 ; 10 pF ; -                    ; -                   ;
; bc_out[1] ; 2     ; 1        ; 1            ; 8            ; 0           ; no              ; no             ; no              ; no         ; no            ; no       ; Off          ; 3.3-V LVTTL  ; 16mA             ; no                     ; User                 ; 10 pF ; -                    ; -                   ;
; bc_out[2] ; 3     ; 1        ; 1            ; 8            ; 2           ; no              ; no             ; no              ; no         ; no            ; no       ; Off          ; 3.3-V LVTTL  ; 16mA             ; no                     ; User                 ; 10 pF ; -                    ; -                   ;
+-----------+-------+----------+--------------+--------------+-------------+-----------------+----------------+-----------------+------------+---------------+----------+--------------+--------------+------------------+------------------------+----------------------+-------+----------------------+---------------------+


+------------------------------------------------------------------------------------------------------------------------------------------------------------------------------------------------------------------------------------------------------------------------------------------------------------------------------------------------------------------------------------------------------------------------------------------------------------------+
; Bidir Pins                                                                                                                                                                                                                                                                                                                                                                                                                                                       ;
+-------------+-------+----------+--------------+--------------+-------------+-----------------------+--------------------+--------+-----------------+----------------+-----------------+------------+----------+--------------+--------------+------------------+------------------------+----------------------+-------+-------------------------------------------------------------------------------------------------------------------+---------------------+
; Name        ; Pin # ; I/O Bank ; X coordinate ; Y coordinate ; Cell number ; Combinational Fan-Out ; Registered Fan-Out ; Global ; Output Register ; Slow Slew Rate ; PCI I/O Enabled ; Open Drain ; Bus Hold ; Weak Pull Up ; I/O Standard ; Current Strength ; Fast Output Connection ; Location assigned by ; Load  ; Output Enable Source                                                                                              ; Output Enable Group ;
+-------------+-------+----------+--------------+--------------+-------------+-----------------------+--------------------+--------+-----------------+----------------+-----------------+------------+----------+--------------+--------------+------------------+------------------------+----------------------+-------+-------------------------------------------------------------------------------------------------------------------+---------------------+
; bd_inout[0] ; 19    ; 1        ; 0            ; 4            ; 5           ; 1                     ; 0                  ; no     ; no              ; no             ; no              ; no         ; no       ; Off          ; 3.3-V LVTTL  ; 16mA             ; no                     ; User                 ; 10 pF ; active_transfer_library:ACTIVE_TRANSFER_LIBRARY_INST|ft_245_state_machine:FT_245_STATE_MACHINE_INST|WRITE_READY~0 ; -                   ;
; bd_inout[1] ; 18    ; 1        ; 0            ; 5            ; 5           ; 1                     ; 0                  ; no     ; no              ; no             ; no              ; no         ; no       ; Off          ; 3.3-V LVTTL  ; 16mA             ; no                     ; User                 ; 10 pF ; active_transfer_library:ACTIVE_TRANSFER_LIBRARY_INST|ft_245_state_machine:FT_245_STATE_MACHINE_INST|WRITE_READY~0 ; -                   ;
; bd_inout[2] ; 17    ; 1        ; 0            ; 5            ; 4           ; 1                     ; 0                  ; no     ; no              ; no             ; no              ; no         ; no       ; Off          ; 3.3-V LVTTL  ; 16mA             ; no                     ; User                 ; 10 pF ; active_transfer_library:ACTIVE_TRANSFER_LIBRARY_INST|ft_245_state_machine:FT_245_STATE_MACHINE_INST|WRITE_READY~0 ; -                   ;
; bd_inout[3] ; 16    ; 1        ; 0            ; 5            ; 3           ; 1                     ; 0                  ; no     ; no              ; no             ; no              ; no         ; no       ; Off          ; 3.3-V LVTTL  ; 16mA             ; no                     ; User                 ; 10 pF ; active_transfer_library:ACTIVE_TRANSFER_LIBRARY_INST|ft_245_state_machine:FT_245_STATE_MACHINE_INST|WRITE_READY~0 ; -                   ;
; bd_inout[4] ; 15    ; 1        ; 0            ; 5            ; 2           ; 1                     ; 0                  ; no     ; no              ; no             ; no              ; no         ; no       ; Off          ; 3.3-V LVTTL  ; 16mA             ; no                     ; User                 ; 10 pF ; active_transfer_library:ACTIVE_TRANSFER_LIBRARY_INST|ft_245_state_machine:FT_245_STATE_MACHINE_INST|WRITE_READY~0 ; -                   ;
; bd_inout[5] ; 14    ; 1        ; 0            ; 5            ; 1           ; 1                     ; 0                  ; no     ; no              ; no             ; no              ; no         ; no       ; Off          ; 3.3-V LVTTL  ; 16mA             ; no                     ; User                 ; 10 pF ; active_transfer_library:ACTIVE_TRANSFER_LIBRARY_INST|ft_245_state_machine:FT_245_STATE_MACHINE_INST|WRITE_READY~0 ; -                   ;
; bd_inout[6] ; 7     ; 1        ; 0            ; 7            ; 4           ; 1                     ; 0                  ; no     ; no              ; no             ; no              ; no         ; no       ; Off          ; 3.3-V LVTTL  ; 16mA             ; no                     ; User                 ; 10 pF ; active_transfer_library:ACTIVE_TRANSFER_LIBRARY_INST|ft_245_state_machine:FT_245_STATE_MACHINE_INST|WRITE_READY~0 ; -                   ;
; bd_inout[7] ; 6     ; 1        ; 0            ; 7            ; 3           ; 1                     ; 0                  ; no     ; no              ; no             ; no              ; no         ; no       ; Off          ; 3.3-V LVTTL  ; 16mA             ; no                     ; User                 ; 10 pF ; active_transfer_library:ACTIVE_TRANSFER_LIBRARY_INST|ft_245_state_machine:FT_245_STATE_MACHINE_INST|WRITE_READY~0 ; -                   ;
+-------------+-------+----------+--------------+--------------+-------------+-----------------------+--------------------+--------+-----------------+----------------+-----------------+------------+----------+--------------+--------------+------------------+------------------------+----------------------+-------+-------------------------------------------------------------------------------------------------------------------+---------------------+


+------------------------------------------------------------+
; I/O Bank Usage                                             ;
+----------+------------------+---------------+--------------+
; I/O Bank ; Usage            ; VCCIO Voltage ; VREF Voltage ;
+----------+------------------+---------------+--------------+
; 1        ; 26 / 35 ( 74 % ) ; 3.3V          ; --           ;
; 2        ; 25 / 39 ( 64 % ) ; 3.3V          ; --           ;
+----------+------------------+---------------+--------------+


+----------------------------------------------------------------------------------------------------------------------------------------------+
; All Package Pins                                                                                                                             ;
+----------+------------+----------+----------------+--------+--------------+---------+------------+-----------------+----------+--------------+
; Location ; Pad Number ; I/O Bank ; Pin Name/Usage ; Dir.   ; I/O Standard ; Voltage ; I/O Type   ; User Assignment ; Bus Hold ; Weak Pull Up ;
+----------+------------+----------+----------------+--------+--------------+---------+------------+-----------------+----------+--------------+
; 1        ; 161        ; 2        ; bc_out[0]      ; output ; 3.3-V LVTTL  ;         ; Column I/O ; Y               ; no       ; Off          ;
; 2        ; 2          ; 1        ; bc_out[1]      ; output ; 3.3-V LVTTL  ;         ; Column I/O ; Y               ; no       ; Off          ;
; 3        ; 4          ; 1        ; bc_out[2]      ; output ; 3.3-V LVTTL  ;         ; Column I/O ; Y               ; no       ; Off          ;
; 4        ; 6          ; 1        ; bc_in[0]       ; input  ; 3.3-V LVTTL  ;         ; Row I/O    ; Y               ; no       ; Off          ;
; 5        ; 8          ; 1        ; bc_in[1]       ; input  ; 3.3-V LVTTL  ;         ; Row I/O    ; Y               ; no       ; Off          ;
; 6        ; 9          ; 1        ; bd_inout[7]    ; bidir  ; 3.3-V LVTTL  ;         ; Row I/O    ; Y               ; no       ; Off          ;
; 7        ; 10         ; 1        ; bd_inout[6]    ; bidir  ; 3.3-V LVTTL  ;         ; Row I/O    ; Y               ; no       ; Off          ;
; 8        ;            ;          ; GND            ; gnd    ;              ;         ; --         ;                 ; --       ; --           ;
; 9        ;            ; 1        ; VCCIO1         ; power  ;              ; 3.3V    ; --         ;                 ; --       ; --           ;
; 10       ;            ;          ; GND            ; gnd    ;              ;         ; --         ;                 ; --       ; --           ;
; 11       ;            ;          ; GND            ; gnd    ;              ;         ; --         ;                 ; --       ; --           ;
; 12       ; 20         ; 1        ; aa[1]          ; input  ; 3.3-V LVTTL  ;         ; Row I/O    ; Y               ; no       ; Off          ;
; 13       ;            ;          ; VCCINT         ; power  ;              ; 1.8V    ; --         ;                 ; --       ; --           ;
; 14       ; 21         ; 1        ; bd_inout[5]    ; bidir  ; 3.3-V LVTTL  ;         ; Row I/O    ; Y               ; no       ; Off          ;
; 15       ; 22         ; 1        ; bd_inout[4]    ; bidir  ; 3.3-V LVTTL  ;         ; Row I/O    ; Y               ; no       ; Off          ;
; 16       ; 23         ; 1        ; bd_inout[3]    ; bidir  ; 3.3-V LVTTL  ;         ; Row I/O    ; Y               ; no       ; Off          ;
; 17       ; 24         ; 1        ; bd_inout[2]    ; bidir  ; 3.3-V LVTTL  ;         ; Row I/O    ; Y               ; no       ; Off          ;
; 18       ; 25         ; 1        ; bd_inout[1]    ; bidir  ; 3.3-V LVTTL  ;         ; Row I/O    ; Y               ; no       ; Off          ;
; 19       ; 32         ; 1        ; bd_inout[0]    ; bidir  ; 3.3-V LVTTL  ;         ; Row I/O    ; Y               ; no       ; Off          ;
; 20       ; 34         ; 1        ; SW_USER_1      ; input  ; 3.3-V LVTTL  ;         ; Column I/O ; Y               ; no       ; Off          ;
; 21       ; 36         ; 1        ; SW_USER_2      ; input  ; 3.3-V LVTTL  ;         ; Column I/O ; Y               ; no       ; Off          ;
; 22       ; 38         ; 1        ; #TMS           ; input  ;              ;         ; --         ;                 ; --       ; --           ;
; 23       ; 39         ; 1        ; #TDI           ; input  ;              ;         ; --         ;                 ; --       ; --           ;
; 24       ; 40         ; 1        ; #TCK           ; input  ;              ;         ; --         ;                 ; --       ; --           ;
; 25       ; 41         ; 1        ; #TDO           ; output ;              ;         ; --         ;                 ; --       ; --           ;
; 26       ; 47         ; 1        ; GND*           ;        ;              ;         ; Column I/O ;                 ; no       ; Off          ;
; 27       ; 48         ; 1        ; GND*           ;        ;              ;         ; Column I/O ;                 ; no       ; Off          ;
; 28       ; 50         ; 1        ; TR_OE_2        ; output ; 3.3-V LVTTL  ;         ; Column I/O ; Y               ; no       ; Off          ;
; 29       ; 51         ; 1        ; TR_DIR_2       ; output ; 3.3-V LVTTL  ;         ; Column I/O ; Y               ; no       ; Off          ;
; 30       ; 52         ; 1        ; GND*           ;        ;              ;         ; Column I/O ;                 ; no       ; Off          ;
; 31       ;            ; 1        ; VCCIO1         ; power  ;              ; 3.3V    ; --         ;                 ; --       ; --           ;
; 32       ;            ;          ; GND            ; gnd    ;              ;         ; --         ;                 ; --       ; --           ;
; 33       ; 58         ; 1        ; LB_SER[1]      ; input  ; 3.3-V LVTTL  ;         ; Column I/O ; Y               ; no       ; Off          ;
; 34       ; 59         ; 1        ; GND*           ;        ;              ;         ; Column I/O ;                 ; no       ; Off          ;
; 35       ; 60         ; 1        ; LB_AD[4]       ; input  ; 3.3-V LVTTL  ;         ; Column I/O ; Y               ; no       ; Off          ;
; 36       ; 61         ; 1        ; LB_AD[3]       ; input  ; 3.3-V LVTTL  ;         ; Column I/O ; Y               ; no       ; Off          ;
; 37       ;            ;          ; GND            ; gnd    ;              ;         ; --         ;                 ; --       ; --           ;
; 38       ; 62         ; 1        ; LB_AD[2]       ; input  ; 3.3-V LVTTL  ;         ; Column I/O ; Y               ; no       ; Off          ;
; 39       ;            ;          ; VCCINT         ; power  ;              ; 1.8V    ; --         ;                 ; --       ; --           ;
; 40       ; 63         ; 1        ; LB_AD[1]       ; input  ; 3.3-V LVTTL  ;         ; Column I/O ; Y               ; no       ; Off          ;
; 41       ; 64         ; 1        ; LB_AD[0]       ; input  ; 3.3-V LVTTL  ;         ; Column I/O ; Y               ; no       ; Off          ;
; 42       ; 65         ; 1        ; LB_SER[0]      ; input  ; 3.3-V LVTTL  ;         ; Column I/O ; Y               ; no       ; Off          ;
; 43       ; 66         ; 1        ; GND*           ;        ;              ;         ; Column I/O ;                 ; no       ; Off          ;
; 44       ; 67         ; 1        ; aa[0]          ; input  ; 3.3-V LVTTL  ;         ; Column I/O ; Y               ; no       ; Off          ;
; 45       ;            ; 1        ; VCCIO1         ; power  ;              ; 3.3V    ; --         ;                 ; --       ; --           ;
; 46       ;            ;          ; GND            ; gnd    ;              ;         ; --         ;                 ; --       ; --           ;
; 47       ; 71         ; 1        ; GND*           ;        ;              ;         ; Column I/O ;                 ; no       ; Off          ;
; 48       ; 72         ; 1        ; GND*           ;        ;              ;         ; Column I/O ;                 ; no       ; Off          ;
; 49       ; 73         ; 1        ; GND*           ;        ;              ;         ; Column I/O ;                 ; no       ; Off          ;
; 50       ; 75         ; 1        ; GND*           ;        ;              ;         ; Column I/O ;                 ; no       ; Off          ;
; 51       ; 79         ; 1        ; LED[3]         ; output ; 3.3-V LVTTL  ;         ; Column I/O ; Y               ; no       ; Off          ;
; 52       ; 83         ; 2        ; LED[2]         ; output ; 3.3-V LVTTL  ;         ; Row I/O    ; Y               ; no       ; Off          ;
; 53       ; 84         ; 2        ; LED[1]         ; output ; 3.3-V LVTTL  ;         ; Row I/O    ; Y               ; no       ; Off          ;
; 54       ; 86         ; 2        ; LED[0]         ; output ; 3.3-V LVTTL  ;         ; Row I/O    ; Y               ; no       ; Off          ;
; 55       ; 89         ; 2        ; GND*           ;        ;              ;         ; Row I/O    ;                 ; no       ; Off          ;
; 56       ; 91         ; 2        ; GND*           ;        ;              ;         ; Row I/O    ;                 ; no       ; Off          ;
; 57       ; 92         ; 2        ; GND*           ;        ;              ;         ; Row I/O    ;                 ; no       ; Off          ;
; 58       ; 93         ; 2        ; GND*           ;        ;              ;         ; Row I/O    ;                 ; no       ; Off          ;
; 59       ;            ; 2        ; VCCIO2         ; power  ;              ; 3.3V    ; --         ;                 ; --       ; --           ;
; 60       ;            ;          ; GND            ; gnd    ;              ;         ; --         ;                 ; --       ; --           ;
; 61       ; 98         ; 2        ; GND*           ;        ;              ;         ; Row I/O    ;                 ; no       ; Off          ;
; 62       ; 101        ; 2        ; GND*           ;        ;              ;         ; Row I/O    ;                 ; no       ; Off          ;
; 63       ;            ;          ; VCCINT         ; power  ;              ; 1.8V    ; --         ;                 ; --       ; --           ;
; 64       ; 102        ; 2        ; GND*           ;        ;              ;         ; Row I/O    ;                 ; no       ; Off          ;
; 65       ;            ;          ; GND            ; gnd    ;              ;         ; --         ;                 ; --       ; --           ;
; 66       ; 103        ; 2        ; GND*           ;        ;              ;         ; Row I/O    ;                 ; no       ; Off          ;
; 67       ; 104        ; 2        ; GND*           ;        ;              ;         ; Row I/O    ;                 ; no       ; Off          ;
; 68       ; 105        ; 2        ; GND*           ;        ;              ;         ; Row I/O    ;                 ; no       ; Off          ;
; 69       ; 111        ; 2        ; GND*           ;        ;              ;         ; Row I/O    ;                 ; no       ; Off          ;
; 70       ; 112        ; 2        ; GND*           ;        ;              ;         ; Row I/O    ;                 ; no       ; Off          ;
; 71       ; 115        ; 2        ; GND*           ;        ;              ;         ; Row I/O    ;                 ; no       ; Off          ;
; 72       ; 116        ; 2        ; GND*           ;        ;              ;         ; Row I/O    ;                 ; no       ; Off          ;
; 73       ; 118        ; 2        ; LB_AD[5]       ; input  ; 3.3-V LVTTL  ;         ; Row I/O    ; N               ; no       ; Off          ;
; 74       ; 120        ; 2        ; TR_OE_3        ; output ; 3.3-V LVTTL  ;         ; Row I/O    ; Y               ; no       ; Off          ;
; 75       ; 122        ; 2        ; LB_IOL[7]      ; input  ; 3.3-V LVTTL  ;         ; Row I/O    ; Y               ; no       ; Off          ;
; 76       ; 125        ; 2        ; LB_IOL[6]      ; input  ; 3.3-V LVTTL  ;         ; Column I/O ; Y               ; no       ; Off          ;
; 77       ; 126        ; 2        ; LB_IOL[5]      ; input  ; 3.3-V LVTTL  ;         ; Column I/O ; Y               ; no       ; Off          ;
; 78       ; 127        ; 2        ; LB_IOL[4]      ; input  ; 3.3-V LVTTL  ;         ; Column I/O ; Y               ; no       ; Off          ;
; 79       ;            ;          ; GND            ; gnd    ;              ;         ; --         ;                 ; --       ; --           ;
; 80       ;            ; 2        ; VCCIO2         ; power  ;              ; 3.3V    ; --         ;                 ; --       ; --           ;
; 81       ; 135        ; 2        ; LB_IOL[0]      ; input  ; 3.3-V LVTTL  ;         ; Column I/O ; Y               ; no       ; Off          ;
; 82       ; 136        ; 2        ; LB_IOL[1]      ; input  ; 3.3-V LVTTL  ;         ; Column I/O ; Y               ; no       ; Off          ;
; 83       ; 139        ; 2        ; LB_IOL[2]      ; input  ; 3.3-V LVTTL  ;         ; Column I/O ; Y               ; no       ; Off          ;
; 84       ; 140        ; 2        ; LB_IOL[3]      ; input  ; 3.3-V LVTTL  ;         ; Column I/O ; Y               ; no       ; Off          ;
; 85       ; 141        ; 2        ; TR_DIR_3       ; output ; 3.3-V LVTTL  ;         ; Column I/O ; Y               ; no       ; Off          ;
; 86       ; 142        ; 2        ; TR_OE_1        ; output ; 3.3-V LVTTL  ;         ; Column I/O ; Y               ; no       ; Off          ;
; 87       ; 143        ; 2        ; LB_IOH[0]      ; output ; 3.3-V LVTTL  ;         ; Column I/O ; Y               ; no       ; Off          ;
; 88       ;            ;          ; VCCINT         ; power  ;              ; 1.8V    ; --         ;                 ; --       ; --           ;
; 89       ; 144        ; 2        ; LB_IOH[1]      ; output ; 3.3-V LVTTL  ;         ; Column I/O ; Y               ; no       ; Off          ;
; 90       ;            ;          ; GND            ; gnd    ;              ;         ; --         ;                 ; --       ; --           ;
; 91       ; 149        ; 2        ; LB_IOH[2]      ; output ; 3.3-V LVTTL  ;         ; Column I/O ; Y               ; no       ; Off          ;
; 92       ; 150        ; 2        ; LB_IOH[3]      ; output ; 3.3-V LVTTL  ;         ; Column I/O ; Y               ; no       ; Off          ;
; 93       ;            ;          ; GND            ; gnd    ;              ;         ; --         ;                 ; --       ; --           ;
; 94       ;            ; 2        ; VCCIO2         ; power  ;              ; 3.3V    ; --         ;                 ; --       ; --           ;
; 95       ;            ;          ; GND            ; gnd    ;              ;         ; --         ;                 ; --       ; --           ;
; 96       ; 152        ; 2        ; LB_IOH[4]      ; output ; 3.3-V LVTTL  ;         ; Column I/O ; Y               ; no       ; Off          ;
; 97       ; 153        ; 2        ; LB_IOH[5]      ; output ; 3.3-V LVTTL  ;         ; Column I/O ; Y               ; no       ; Off          ;
; 98       ; 155        ; 2        ; LB_IOH[6]      ; output ; 3.3-V LVTTL  ;         ; Column I/O ; Y               ; no       ; Off          ;
; 99       ; 156        ; 2        ; LB_IOH[7]      ; output ; 3.3-V LVTTL  ;         ; Column I/O ; Y               ; no       ; Off          ;
; 100      ; 158        ; 2        ; TR_DIR_1       ; output ; 3.3-V LVTTL  ;         ; Column I/O ; Y               ; no       ; Off          ;
+----------+------------+----------+----------------+--------+--------------+---------+------------+-----------------+----------+--------------+
Note: Pin directions (input, output or bidir) are based on device operating in user mode.


+-------------------------------------------------------------+
; Output Pin Default Load For Reported TCO                    ;
+----------------------------+-------+------------------------+
; I/O Standard               ; Load  ; Termination Resistance ;
+----------------------------+-------+------------------------+
; 3.3-V LVTTL                ; 10 pF ; Not Available          ;
; 3.3-V LVCMOS               ; 10 pF ; Not Available          ;
; 2.5 V                      ; 10 pF ; Not Available          ;
; 1.8 V                      ; 10 pF ; Not Available          ;
; 1.5 V                      ; 10 pF ; Not Available          ;
; 3.3V Schmitt Trigger Input ; 10 pF ; Not Available          ;
; 2.5V Schmitt Trigger Input ; 10 pF ; Not Available          ;
; 1.2 V                      ; 10 pF ; Not Available          ;
; LVDS_E_3R                  ; 10 pF ; Not Available          ;
; RSDS_E_3R                  ; 10 pF ; Not Available          ;
+----------------------------+-------+------------------------+
Note: User assignments will override these defaults. The user specified values are listed in the Output Pins and Bidir Pins tables.


+---------------------------------------------------------------------------------------------------------------------------------------------------------------------------------------------------------------------------------------------------------------------------------------------------------------------------------------------------------+
; Fitter Resource Utilization by Entity                                                                                                                                                                                                                                                                                                                   ;
+-----------------------------------------------------------+-------------+--------------+------------+------+--------------+--------------+-------------------+------------------+-----------------+------------+-------------------------------------------------------------------------------------------------------------------------+--------------+
; Compilation Hierarchy Node                                ; Logic Cells ; LC Registers ; UFM Blocks ; Pins ; Virtual Pins ; LUT-Only LCs ; Register-Only LCs ; LUT/Register LCs ; Carry Chain LCs ; Packed LCs ; Full Hierarchy Name                                                                                                     ; Library Name ;
+-----------------------------------------------------------+-------------+--------------+------------+------+--------------+--------------+-------------------+------------------+-----------------+------------+-------------------------------------------------------------------------------------------------------------------------+--------------+
; |EPT_5M57_AP_U2_Top                                       ; 324 (50)    ; 188          ; 0          ; 51   ; 0            ; 136 (6)      ; 12 (4)            ; 176 (40)         ; 59 (11)         ; 26 (8)     ; |EPT_5M57_AP_U2_Top                                                                                                     ; work         ;
;    |active_transfer:ACTIVE_TRANSFER_INST|                 ; 28 (28)     ; 21           ; 0          ; 0    ; 0            ; 7 (7)        ; 5 (5)             ; 16 (16)          ; 0 (0)           ; 1 (1)      ; |EPT_5M57_AP_U2_Top|active_transfer:ACTIVE_TRANSFER_INST                                                                ; work         ;
;    |active_transfer_library:ACTIVE_TRANSFER_LIBRARY_INST| ; 200 (0)     ; 108          ; 0          ; 8    ; 0            ; 92 (0)       ; 3 (0)             ; 105 (0)          ; 40 (0)          ; 17 (0)     ; |EPT_5M57_AP_U2_Top|active_transfer_library:ACTIVE_TRANSFER_LIBRARY_INST                                                ; work         ;
;       |endpoint_registers:ENDPOINT_REGISTERS_INST|        ; 153 (153)   ; 86           ; 0          ; 0    ; 0            ; 67 (67)      ; 3 (3)             ; 83 (83)          ; 32 (32)         ; 17 (17)    ; |EPT_5M57_AP_U2_Top|active_transfer_library:ACTIVE_TRANSFER_LIBRARY_INST|endpoint_registers:ENDPOINT_REGISTERS_INST     ;              ;
;       |ft_245_state_machine:FT_245_STATE_MACHINE_INST|    ; 47 (47)     ; 22           ; 0          ; 0    ; 0            ; 25 (25)      ; 0 (0)             ; 22 (22)          ; 8 (8)           ; 0 (0)      ; |EPT_5M57_AP_U2_Top|active_transfer_library:ACTIVE_TRANSFER_LIBRARY_INST|ft_245_state_machine:FT_245_STATE_MACHINE_INST ;              ;
;    |active_trigger:ACTIVE_TRIGGER_INST|                   ; 46 (46)     ; 15           ; 0          ; 0    ; 0            ; 31 (31)      ; 0 (0)             ; 15 (15)          ; 8 (8)           ; 0 (0)      ; |EPT_5M57_AP_U2_Top|active_trigger:ACTIVE_TRIGGER_INST                                                                  ; work         ;
+-----------------------------------------------------------+-------------+--------------+------------+------+--------------+--------------+-------------------+------------------+-----------------+------------+-------------------------------------------------------------------------------------------------------------------------+--------------+
Note: For table entries with two numbers listed, the numbers in parentheses indicate the number of resources of the given type used by the specific entity alone. The numbers listed outside of parentheses indicate the total resources of the given type used by the specific entity and all of its sub-entities in the hierarchy.


+----------------------------------------+
; Delay Chain Summary                    ;
+-------------+----------+---------------+
; Name        ; Pin Type ; Pad to Core 0 ;
+-------------+----------+---------------+
; bc_out[0]   ; Output   ; --            ;
; bc_out[1]   ; Output   ; --            ;
; bc_out[2]   ; Output   ; --            ;
; LB_SER[0]   ; Input    ; --            ;
; LB_SER[1]   ; Input    ; --            ;
; LB_AD[1]    ; Input    ; --            ;
; LB_AD[2]    ; Input    ; --            ;
; LB_AD[3]    ; Input    ; --            ;
; LB_AD[4]    ; Input    ; --            ;
; LB_AD[5]    ; Input    ; --            ;
; LB_IOH[0]   ; Output   ; --            ;
; LB_IOH[1]   ; Output   ; --            ;
; LB_IOH[2]   ; Output   ; --            ;
; LB_IOH[3]   ; Output   ; --            ;
; LB_IOH[4]   ; Output   ; --            ;
; LB_IOH[5]   ; Output   ; --            ;
; LB_IOH[6]   ; Output   ; --            ;
; LB_IOH[7]   ; Output   ; --            ;
; TR_DIR_1    ; Output   ; --            ;
; TR_OE_1     ; Output   ; --            ;
; TR_DIR_2    ; Output   ; --            ;
; TR_OE_2     ; Output   ; --            ;
; TR_DIR_3    ; Output   ; --            ;
; TR_OE_3     ; Output   ; --            ;
; LED[0]      ; Output   ; --            ;
; LED[1]      ; Output   ; --            ;
; LED[2]      ; Output   ; --            ;
; LED[3]      ; Output   ; --            ;
; aa[1]       ; Input    ; (0)           ;
; aa[0]       ; Input    ; (0)           ;
; LB_AD[0]    ; Input    ; (0)           ;
; bc_in[0]    ; Input    ; (0)           ;
; bc_in[1]    ; Input    ; (0)           ;
; SW_USER_1   ; Input    ; (0)           ;
; LB_IOL[0]   ; Input    ; (0)           ;
; SW_USER_2   ; Input    ; (0)           ;
; LB_IOL[1]   ; Input    ; (0)           ;
; LB_IOL[2]   ; Input    ; (0)           ;
; LB_IOL[3]   ; Input    ; (0)           ;
; LB_IOL[4]   ; Input    ; (0)           ;
; LB_IOL[5]   ; Input    ; (0)           ;
; LB_IOL[6]   ; Input    ; (0)           ;
; LB_IOL[7]   ; Input    ; (0)           ;
; bd_inout[0] ; Bidir    ; (0)           ;
; bd_inout[1] ; Bidir    ; (0)           ;
; bd_inout[2] ; Bidir    ; (0)           ;
; bd_inout[3] ; Bidir    ; (1)           ;
; bd_inout[4] ; Bidir    ; (0)           ;
; bd_inout[5] ; Bidir    ; (0)           ;
; bd_inout[6] ; Bidir    ; (0)           ;
; bd_inout[7] ; Bidir    ; (0)           ;
+-------------+----------+---------------+


+----------------------------------------------------------------------------------------------------------------------------------------------------------------------------------------------------------------------------------------+
; Control Signals                                                                                                                                                                                                                        ;
+--------------------------------------------------------------------------------------------------------------------------------+--------------+---------+---------------------------+--------+----------------------+------------------+
; Name                                                                                                                           ; Location     ; Fan-Out ; Usage                     ; Global ; Global Resource Used ; Global Line Name ;
+--------------------------------------------------------------------------------------------------------------------------------+--------------+---------+---------------------------+--------+----------------------+------------------+
; LB_IOH[0]~en                                                                                                                   ; LC_X7_Y7_N5  ; 1       ; Output enable             ; no     ; --                   ; --               ;
; LB_IOH[6]~en                                                                                                                   ; LC_X6_Y7_N9  ; 1       ; Output enable             ; no     ; --                   ; --               ;
; LessThan0~2                                                                                                                    ; LC_X12_Y4_N7 ; 13      ; Clock enable              ; no     ; --                   ; --               ;
; aa[0]                                                                                                                          ; PIN_44       ; 121     ; Async. clear              ; yes    ; Global Clock         ; GCLK2            ;
; aa[1]                                                                                                                          ; PIN_12       ; 188     ; Clock                     ; yes    ; Global Clock         ; GCLK0            ;
; active_transfer:ACTIVE_TRANSFER_INST|state_in[2]                                                                               ; LC_X9_Y5_N7  ; 10      ; Clock enable              ; no     ; --                   ; --               ;
; active_transfer_library:ACTIVE_TRANSFER_LIBRARY_INST|endpoint_registers:ENDPOINT_REGISTERS_INST|WRITE_BYTE[5]~3                ; LC_X4_Y7_N7  ; 8       ; Sync. load                ; no     ; --                   ; --               ;
; active_transfer_library:ACTIVE_TRANSFER_LIBRARY_INST|endpoint_registers:ENDPOINT_REGISTERS_INST|always0~0                      ; LC_X5_Y5_N6  ; 14      ; Clock enable              ; no     ; --                   ; --               ;
; active_transfer_library:ACTIVE_TRANSFER_LIBRARY_INST|endpoint_registers:ENDPOINT_REGISTERS_INST|always3~0                      ; LC_X5_Y7_N4  ; 8       ; Sync. clear               ; no     ; --                   ; --               ;
; active_transfer_library:ACTIVE_TRANSFER_LIBRARY_INST|endpoint_registers:ENDPOINT_REGISTERS_INST|data_byte_ready_delay_cnt[0]~0 ; LC_X6_Y6_N2  ; 2       ; Clock enable              ; no     ; --                   ; --               ;
; active_transfer_library:ACTIVE_TRANSFER_LIBRARY_INST|endpoint_registers:ENDPOINT_REGISTERS_INST|length_to_device[0]~0          ; LC_X11_Y5_N7 ; 8       ; Clock enable              ; no     ; --                   ; --               ;
; active_transfer_library:ACTIVE_TRANSFER_LIBRARY_INST|endpoint_registers:ENDPOINT_REGISTERS_INST|reset_uc_in_reg                ; LC_X10_Y6_N2 ; 4       ; Clock enable              ; no     ; --                   ; --               ;
; active_transfer_library:ACTIVE_TRANSFER_LIBRARY_INST|endpoint_registers:ENDPOINT_REGISTERS_INST|state[2]                       ; LC_X8_Y6_N9  ; 10      ; Clock enable              ; no     ; --                   ; --               ;
; active_transfer_library:ACTIVE_TRANSFER_LIBRARY_INST|endpoint_registers:ENDPOINT_REGISTERS_INST|state[3]                       ; LC_X6_Y6_N7  ; 17      ; Sync. clear               ; no     ; --                   ; --               ;
; active_transfer_library:ACTIVE_TRANSFER_LIBRARY_INST|endpoint_registers:ENDPOINT_REGISTERS_INST|uc_in_address[0]~0             ; LC_X7_Y5_N3  ; 3       ; Clock enable              ; no     ; --                   ; --               ;
; active_transfer_library:ACTIVE_TRANSFER_LIBRARY_INST|endpoint_registers:ENDPOINT_REGISTERS_INST|uc_in_command[0]~0             ; LC_X7_Y5_N9  ; 3       ; Clock enable              ; no     ; --                   ; --               ;
; active_transfer_library:ACTIVE_TRANSFER_LIBRARY_INST|endpoint_registers:ENDPOINT_REGISTERS_INST|uc_in_payload[0]~1             ; LC_X7_Y5_N7  ; 8       ; Clock enable              ; no     ; --                   ; --               ;
; active_transfer_library:ACTIVE_TRANSFER_LIBRARY_INST|endpoint_registers:ENDPOINT_REGISTERS_INST|write_control_mux[7]~16        ; LC_X5_Y7_N2  ; 8       ; Clock enable              ; no     ; --                   ; --               ;
; active_transfer_library:ACTIVE_TRANSFER_LIBRARY_INST|ft_245_state_machine:FT_245_STATE_MACHINE_INST|WRITE_READY~0              ; LC_X5_Y6_N8  ; 9       ; Output enable             ; no     ; --                   ; --               ;
; active_transfer_library:ACTIVE_TRANSFER_LIBRARY_INST|ft_245_state_machine:FT_245_STATE_MACHINE_INST|read_complete_cntr[0]~18   ; LC_X9_Y4_N0  ; 8       ; Sync. clear               ; no     ; --                   ; --               ;
; active_transfer_library:ACTIVE_TRANSFER_LIBRARY_INST|ft_245_state_machine:FT_245_STATE_MACHINE_INST|read_complete_cntr[7]~19   ; LC_X9_Y4_N5  ; 8       ; Clock enable              ; no     ; --                   ; --               ;
; active_trigger:ACTIVE_TRIGGER_INST|previous_to_trigupdate[7]~2                                                                 ; LC_X4_Y6_N5  ; 8       ; Sync. load                ; no     ; --                   ; --               ;
; always3~0                                                                                                                      ; LC_X9_Y5_N3  ; 5       ; Clock enable              ; no     ; --                   ; --               ;
; reset_signal_reg                                                                                                               ; LC_X11_Y4_N3 ; 64      ; Async. clear, Async. load ; yes    ; Global Clock         ; GCLK3            ;
; start_stop_cntrl~0                                                                                                             ; LC_X9_Y5_N9  ; 2       ; Clock enable              ; no     ; --                   ; --               ;
; transfer_write_byte[0]~1                                                                                                       ; LC_X10_Y7_N8 ; 8       ; Clock enable              ; no     ; --                   ; --               ;
; transfer_write_reg                                                                                                             ; LC_X6_Y7_N2  ; 20      ; Clock enable, Sync. clear ; no     ; --                   ; --               ;
+--------------------------------------------------------------------------------------------------------------------------------+--------------+---------+---------------------------+--------+----------------------+------------------+


+---------------------------------------------------------------------------------------------------------------------------------------------------------------------------------+
; Global & Other Fast Signals                                                                                                                                                     ;
+--------------------------------------------------------------------------------------------------------------+--------------+---------+----------------------+------------------+
; Name                                                                                                         ; Location     ; Fan-Out ; Global Resource Used ; Global Line Name ;
+--------------------------------------------------------------------------------------------------------------+--------------+---------+----------------------+------------------+
; aa[0]                                                                                                        ; PIN_44       ; 121     ; Global Clock         ; GCLK2            ;
; aa[1]                                                                                                        ; PIN_12       ; 188     ; Global Clock         ; GCLK0            ;
; active_transfer_library:ACTIVE_TRANSFER_LIBRARY_INST|ft_245_state_machine:FT_245_STATE_MACHINE_INST|state[1] ; LC_X9_Y4_N2  ; 14      ; Global Clock         ; GCLK1            ;
; reset_signal_reg                                                                                             ; LC_X11_Y4_N3 ; 64      ; Global Clock         ; GCLK3            ;
+--------------------------------------------------------------------------------------------------------------+--------------+---------+----------------------+------------------+


+----------------------------------------------+
; Routing Usage Summary                        ;
+-----------------------+----------------------+
; Routing Resource Type ; Usage                ;
+-----------------------+----------------------+
; C4s                   ; 152 / 1,624 ( 9 % )  ;
; Direct links          ; 62 / 1,930 ( 3 % )   ;
; Global clocks         ; 4 / 4 ( 100 % )      ;
; LAB clocks            ; 37 / 56 ( 66 % )     ;
; LUT chains            ; 9 / 513 ( 2 % )      ;
; Local interconnects   ; 348 / 1,930 ( 18 % ) ;
; R4s                   ; 229 / 1,472 ( 16 % ) ;
+-----------------------+----------------------+


+---------------------------------------------------------------------------+
; LAB Logic Elements                                                        ;
+--------------------------------------------+------------------------------+
; Number of Logic Elements  (Average = 8.31) ; Number of LABs  (Total = 39) ;
+--------------------------------------------+------------------------------+
; 1                                          ; 1                            ;
; 2                                          ; 2                            ;
; 3                                          ; 2                            ;
; 4                                          ; 0                            ;
; 5                                          ; 1                            ;
; 6                                          ; 1                            ;
; 7                                          ; 2                            ;
; 8                                          ; 4                            ;
; 9                                          ; 4                            ;
; 10                                         ; 22                           ;
+--------------------------------------------+------------------------------+


+-------------------------------------------------------------------+
; LAB-wide Signals                                                  ;
+------------------------------------+------------------------------+
; LAB-wide Signals  (Average = 2.26) ; Number of LABs  (Total = 39) ;
+------------------------------------+------------------------------+
; 1 Async. clear                     ; 29                           ;
; 1 Async. load                      ; 2                            ;
; 1 Clock                            ; 35                           ;
; 1 Clock enable                     ; 10                           ;
; 1 Sync. clear                      ; 2                            ;
; 1 Sync. load                       ; 4                            ;
; 2 Async. clears                    ; 2                            ;
; 2 Clock enables                    ; 4                            ;
+------------------------------------+------------------------------+


+----------------------------------------------------------------------------+
; LAB Signals Sourced                                                        ;
+---------------------------------------------+------------------------------+
; Number of Signals Sourced  (Average = 8.36) ; Number of LABs  (Total = 39) ;
+---------------------------------------------+------------------------------+
; 0                                           ; 0                            ;
; 1                                           ; 1                            ;
; 2                                           ; 2                            ;
; 3                                           ; 4                            ;
; 4                                           ; 0                            ;
; 5                                           ; 1                            ;
; 6                                           ; 1                            ;
; 7                                           ; 1                            ;
; 8                                           ; 3                            ;
; 9                                           ; 4                            ;
; 10                                          ; 18                           ;
; 11                                          ; 0                            ;
; 12                                          ; 1                            ;
; 13                                          ; 3                            ;
+---------------------------------------------+------------------------------+


+--------------------------------------------------------------------------------+
; LAB Signals Sourced Out                                                        ;
+-------------------------------------------------+------------------------------+
; Number of Signals Sourced Out  (Average = 4.69) ; Number of LABs  (Total = 39) ;
+-------------------------------------------------+------------------------------+
; 0                                               ; 0                            ;
; 1                                               ; 3                            ;
; 2                                               ; 6                            ;
; 3                                               ; 7                            ;
; 4                                               ; 2                            ;
; 5                                               ; 6                            ;
; 6                                               ; 5                            ;
; 7                                               ; 2                            ;
; 8                                               ; 7                            ;
; 9                                               ; 1                            ;
+-------------------------------------------------+------------------------------+


+----------------------------------------------------------------------------+
; LAB Distinct Inputs                                                        ;
+---------------------------------------------+------------------------------+
; Number of Distinct Inputs  (Average = 8.54) ; Number of LABs  (Total = 39) ;
+---------------------------------------------+------------------------------+
; 0                                           ; 0                            ;
; 1                                           ; 0                            ;
; 2                                           ; 0                            ;
; 3                                           ; 3                            ;
; 4                                           ; 3                            ;
; 5                                           ; 5                            ;
; 6                                           ; 3                            ;
; 7                                           ; 3                            ;
; 8                                           ; 1                            ;
; 9                                           ; 1                            ;
; 10                                          ; 6                            ;
; 11                                          ; 8                            ;
; 12                                          ; 2                            ;
; 13                                          ; 1                            ;
; 14                                          ; 1                            ;
; 15                                          ; 0                            ;
; 16                                          ; 2                            ;
+---------------------------------------------+------------------------------+


+-------------------------------------------------------------------------+
; Fitter Device Options                                                   ;
+----------------------------------------------+--------------------------+
; Option                                       ; Setting                  ;
+----------------------------------------------+--------------------------+
; Enable user-supplied start-up clock (CLKUSR) ; Off                      ;
; Enable device-wide reset (DEV_CLRn)          ; Off                      ;
; Enable device-wide output enable (DEV_OE)    ; Off                      ;
; Enable INIT_DONE output                      ; Off                      ;
; Configuration scheme                         ; Passive Serial           ;
; Reserve all unused pins                      ; As output driving ground ;
+----------------------------------------------+--------------------------+


+-----------------+
; Fitter Messages ;
+-----------------+
Info (20030): Parallel compilation is enabled and will use 4 of the 4 processors detected
Info (119006): Selected device 5M570ZT100C5 for design "EPT_5M57_AP_U2_Top"
Info (21077): Low junction temperature is 0 degrees C
Info (21077): High junction temperature is 85 degrees C
Info (171003): Fitter is performing an Auto Fit compilation, which may decrease Fitter effort to reduce compilation time
Warning (292013): Feature LogicLock is only available with a valid subscription license. You can purchase a software subscription to gain full access to this feature.
Info (176444): Device migration not selected. If you intend to use device migration later, you may need to change the pin assignments as they may be incompatible with other devices
    Info (176445): Device 5M80ZT100C5 is compatible
    Info (176445): Device 5M80ZT100I5 is compatible
    Info (176445): Device 5M160ZT100C5 is compatible
    Info (176445): Device 5M160ZT100I5 is compatible
    Info (176445): Device 5M240ZT100C5 is compatible
    Info (176445): Device 5M240ZT100I5 is compatible
    Info (176445): Device 5M570ZT100I5 is compatible
Critical Warning (169085): No exact pin location assignment(s) for 1 pins of 51 total pins. For the list of pins please refer to the I/O Assignment Warnings table in the fitter report.
Warning (335093): TimeQuest Timing Analyzer is analyzing 11 combinational loops as latches.
Info (332104): Reading SDC File: 'EPT_5M57_AP_U2_Top.out.sdc'
Warning (332174): Ignored filter at EPT_5M57_AP_U2_Top.out.sdc(68): LB_SER[0] could not be matched with a port
Warning (332049): Ignored set_input_delay at EPT_5M57_AP_U2_Top.out.sdc(68): Argument <targets> is an empty collection
    Info (332050): set_input_delay -add_delay  -clock [get_clocks {CLK_66}]  1.000 [get_ports {LB_SER[0]}]
Warning (332174): Ignored filter at EPT_5M57_AP_U2_Top.out.sdc(69): LB_SER[1] could not be matched with a port
Warning (332049): Ignored set_input_delay at EPT_5M57_AP_U2_Top.out.sdc(69): Argument <targets> is an empty collection
    Info (332050): set_input_delay -add_delay  -clock [get_clocks {CLK_66}]  1.000 [get_ports {LB_SER[1]}]
Warning (332060): Node: aa[1] was determined to be a clock but was found without an associated clock assignment.
    Info (13166): Register active_transfer_library:ACTIVE_TRANSFER_LIBRARY_INST|ft_245_state_machine:FT_245_STATE_MACHINE_INST|USB_WR is being clocked by aa[1]
Warning (332060): Node: active_transfer_library:ACTIVE_TRANSFER_LIBRARY_INST|ft_245_state_machine:FT_245_STATE_MACHINE_INST|state[1] was determined to be a clock but was found without an associated clock assignment.
    Info (13166): Latch active_transfer_library:ACTIVE_TRANSFER_LIBRARY_INST|ft_245_state_machine:FT_245_STATE_MACHINE_INST|USB_REGISTER_DECODE[0] is being clocked by active_transfer_library:ACTIVE_TRANSFER_LIBRARY_INST|ft_245_state_machine:FT_245_STATE_MACHINE_INST|state[1]
Warning (332061): Virtual clock aa[1] is never referenced in any input or output delay assignment.
Info (332129): Detected timing requirements -- optimizing circuit to achieve only the specified requirements
Info (332111): Found 2 clocks
    Info (332111):   Period   Clock Name
    Info (332111): ======== ============
    Info (332111):   15.150        aa[1]
    Info (332111):   15.150       CLK_66
Info (186079): Completed User Assigned Global Signals Promotion Operation
Info (186215): Automatically promoted signal "aa[1]" to use Global clock in PIN 12
Info (186216): Automatically promoted some destinations of signal "active_transfer_library:ACTIVE_TRANSFER_LIBRARY_INST|ft_245_state_machine:FT_245_STATE_MACHINE_INST|state[1]" to use Global clock
    Info (186217): Destination "active_transfer_library:ACTIVE_TRANSFER_LIBRARY_INST|ft_245_state_machine:FT_245_STATE_MACHINE_INST|comb~0_I" may be non-global or may not use global clock
    Info (186217): Destination "active_transfer_library:ACTIVE_TRANSFER_LIBRARY_INST|ft_245_state_machine:FT_245_STATE_MACHINE_INST|comb~1_I" may be non-global or may not use global clock
    Info (186217): Destination "active_transfer_library:ACTIVE_TRANSFER_LIBRARY_INST|ft_245_state_machine:FT_245_STATE_MACHINE_INST|read_complete~I" may be non-global or may not use global clock
    Info (186217): Destination "active_transfer_library:ACTIVE_TRANSFER_LIBRARY_INST|ft_245_state_machine:FT_245_STATE_MACHINE_INST|state[2]~I" may be non-global or may not use global clock
    Info (186217): Destination "active_transfer_library:ACTIVE_TRANSFER_LIBRARY_INST|ft_245_state_machine:FT_245_STATE_MACHINE_INST|read_complete_reg~I" may be non-global or may not use global clock
    Info (186217): Destination "active_transfer_library:ACTIVE_TRANSFER_LIBRARY_INST|ft_245_state_machine:FT_245_STATE_MACHINE_INST|read_complete_cntr[7]~19_I" may be non-global or may not use global clock
Info (186216): Automatically promoted some destinations of signal "aa[0]" to use Global clock
    Info (186217): Destination "active_transfer_library:ACTIVE_TRANSFER_LIBRARY_INST|ft_245_state_machine:FT_245_STATE_MACHINE_INST|comb~0_I" may be non-global or may not use global clock
    Info (186217): Destination "active_transfer_library:ACTIVE_TRANSFER_LIBRARY_INST|ft_245_state_machine:FT_245_STATE_MACHINE_INST|comb~1_I" may be non-global or may not use global clock
    Info (186217): Destination "active_transfer_library:ACTIVE_TRANSFER_LIBRARY_INST|ft_245_state_machine:FT_245_STATE_MACHINE_INST|USB_REGISTER_DECODE[0]~I" may be non-global or may not use global clock
    Info (186217): Destination "active_transfer_library:ACTIVE_TRANSFER_LIBRARY_INST|ft_245_state_machine:FT_245_STATE_MACHINE_INST|USB_REGISTER_DECODE[1]~I" may be non-global or may not use global clock
    Info (186217): Destination "active_transfer_library:ACTIVE_TRANSFER_LIBRARY_INST|ft_245_state_machine:FT_245_STATE_MACHINE_INST|USB_REGISTER_DECODE[6]~I" may be non-global or may not use global clock
    Info (186217): Destination "active_transfer_library:ACTIVE_TRANSFER_LIBRARY_INST|endpoint_registers:ENDPOINT_REGISTERS_INST|control_multiplexor[3]~I" may be non-global or may not use global clock
    Info (186217): Destination "active_transfer_library:ACTIVE_TRANSFER_LIBRARY_INST|endpoint_registers:ENDPOINT_REGISTERS_INST|control_multiplexor[4]~I" may be non-global or may not use global clock
    Info (186217): Destination "active_transfer_library:ACTIVE_TRANSFER_LIBRARY_INST|ft_245_state_machine:FT_245_STATE_MACHINE_INST|USB_REGISTER_DECODE[7]~I" may be non-global or may not use global clock
    Info (186217): Destination "active_transfer_library:ACTIVE_TRANSFER_LIBRARY_INST|ft_245_state_machine:FT_245_STATE_MACHINE_INST|USB_REGISTER_DECODE[2]~I" may be non-global or may not use global clock
    Info (186217): Destination "active_transfer_library:ACTIVE_TRANSFER_LIBRARY_INST|endpoint_registers:ENDPOINT_REGISTERS_INST|control_multiplexor[5]~I" may be non-global or may not use global clock
    Info (186218): Limited to 10 non-global destinations
Info (186228): Pin "aa[0]" drives global clock, but is not placed in a dedicated clock pin position
Info (186216): Automatically promoted some destinations of signal "reset_signal_reg" to use Global clock
    Info (186217): Destination "active_trigger:ACTIVE_TRIGGER_INST|xint[10]~0_I" may be non-global or may not use global clock
Info (186079): Completed Auto Global Promotion Operation
Info (176234): Starting register packing
Info (186468): Started processing fast register assignments
Info (186469): Finished processing fast register assignments
Info (176235): Finished register packing
Info (176214): Statistics of I/O pins that need to be placed that use the same VCCIO and VREF, before I/O pin placement
    Info (176211): Number of I/O pins in group: 1 (unused VREF, 3.3V VCCIO, 1 input, 0 output, 0 bidirectional)
        Info (176212): I/O standards used: 3.3-V LVTTL.
Info (176215): I/O bank details before I/O pin placement
    Info (176214): Statistics of I/O banks
        Info (176213): I/O bank number 1 does not use VREF pins and has 3.3V VCCIO pins. 26 total pin(s) used --  9 pins available
        Info (176213): I/O bank number 2 does not use VREF pins and has 3.3V VCCIO pins. 24 total pin(s) used --  15 pins available
Info (171121): Fitter preparation operations ending: elapsed time is 00:00:01
Info (14896): Fitter has disabled Advanced Physical Optimization because it is not supported for the current family.
Info (170189): Fitter placement preparation operations beginning
Info (170190): Fitter placement preparation operations ending: elapsed time is 00:00:00
Info (170191): Fitter placement operations beginning
Info (170137): Fitter placement was successful
Info (170192): Fitter placement operations ending: elapsed time is 00:00:00
Info (170193): Fitter routing operations beginning
Info (170195): Router estimated average interconnect usage is 13% of the available device resources
    Info (170196): Router estimated peak interconnect usage is 13% of the available device resources in the region that extends from location X0_Y0 to location X13_Y8
Info (170194): Fitter routing operations ending: elapsed time is 00:00:00
Info (170199): The Fitter performed an Auto Fit compilation.  Optimizations were skipped to reduce compilation time.
    Info (170201): Optimizations that may affect the design's routability were skipped
    Info (170200): Optimizations that may affect the design's timing were skipped
Info (11888): Total time spent on timing analysis during the Fitter is 0.07 seconds.
Info (11218): Fitter post-fit operations ending: elapsed time is 00:00:00
Warning (169174): The Reserve All Unused Pins setting has not been specified, and will default to 'As output driving ground'.
Info (144001): Generated suppressed messages file C:/Jolly/Products/Earth People Technology/UNOPROLOGIC2_USB_CPLD_PROJECT_2.2_DVD/Projects_HDL/EPT_5M57_AP_U2_Data_Collector/EPT_5M57_AP_U2_Top/output_files/EPT_5M57_AP_U2_Top.fit.smsg
Info: Quartus II 64-Bit Fitter was successful. 0 errors, 11 warnings
    Info: Peak virtual memory: 1186 megabytes
    Info: Processing ended: Mon Nov 02 22:41:07 2015
    Info: Elapsed time: 00:00:03
    Info: Total CPU time (on all processors): 00:00:03


+----------------------------+
; Fitter Suppressed Messages ;
+----------------------------+
The suppressed messages can be found in C:/Jolly/Products/Earth People Technology/UNOPROLOGIC2_USB_CPLD_PROJECT_2.2_DVD/Projects_HDL/EPT_5M57_AP_U2_Data_Collector/EPT_5M57_AP_U2_Top/output_files/EPT_5M57_AP_U2_Top.fit.smsg.


