Flow report for EPT_5M57_AP_U2_Top
Sat Aug 15 02:06:12 2015
Quartus II 64-Bit Version 14.0.0 Build 200 06/17/2014 SJ Web Edition


---------------------
; Table of Contents ;
---------------------
  1. Legal Notice
  2. Flow Summary
  3. Flow Settings
  4. Flow Non-Default Global Settings
  5. Flow Elapsed Time
  6. Flow OS Summary
  7. Flow Log
  8. Flow Messages
  9. Flow Suppressed Messages



----------------
; Legal Notice ;
----------------
Copyright (C) 1991-2014 Altera Corporation. All rights reserved.
Your use of Altera Corporation's design tools, logic functions 
and other software and tools, and its AMPP partner logic 
functions, and any output files from any of the foregoing 
(including device programming or simulation files), and any 
associated documentation or information are expressly subject 
to the terms and conditions of the Altera Program License 
Subscription Agreement, the Altera Quartus II License Agreement,
the Altera MegaCore Function License Agreement, or other 
applicable license agreement, including, without limitation, 
that your use is for the sole purpose of programming logic 
devices manufactured by Altera and sold by Altera or its 
authorized distributors.  Please refer to the applicable 
agreement for further details.



+------------------------------------------------------------------------+
; Flow Summary                                                           ;
+---------------------------+--------------------------------------------+
; Flow Status               ; Successful - Sat Aug 15 02:06:12 2015      ;
; Quartus II 64-Bit Version ; 14.0.0 Build 200 06/17/2014 SJ Web Edition ;
; Revision Name             ; EPT_5M57_AP_U2_Top                         ;
; Top-level Entity Name     ; EPT_5M57_AP_U2_Top                         ;
; Family                    ; MAX V                                      ;
; Device                    ; 5M570ZT100C5                               ;
; Timing Models             ; Final                                      ;
; Total logic elements      ; 565 / 570 ( 99 % )                         ;
; Total pins                ; 57 / 74 ( 77 % )                           ;
; Total virtual pins        ; 0                                          ;
; UFM blocks                ; 0 / 1 ( 0 % )                              ;
+---------------------------+--------------------------------------------+


+-----------------------------------------+
; Flow Settings                           ;
+-------------------+---------------------+
; Option            ; Setting             ;
+-------------------+---------------------+
; Start date & time ; 08/15/2015 02:05:57 ;
; Main task         ; Compilation         ;
; Revision Name     ; EPT_5M57_AP_U2_Top  ;
+-------------------+---------------------+


+------------------------------------------------------------------------------------------------------------------------------------+
; Flow Non-Default Global Settings                                                                                                   ;
+---------------------------------------------------+---------------------------------+---------------+-------------+----------------+
; Assignment Name                                   ; Value                           ; Default Value ; Entity Name ; Section Id     ;
+---------------------------------------------------+---------------------------------+---------------+-------------+----------------+
; COMPILER_SIGNATURE_ID                             ; 212039890812950.143962955707004 ; --            ; --          ; --             ;
; EDA_OUTPUT_DATA_FORMAT                            ; Vhdl                            ; --            ; --          ; eda_simulation ;
; EDA_SIMULATION_TOOL                               ; ModelSim-Altera (VHDL)          ; <None>        ; --          ; --             ;
; MAX_CORE_JUNCTION_TEMP                            ; 85                              ; --            ; --          ; --             ;
; MIN_CORE_JUNCTION_TEMP                            ; 0                               ; --            ; --          ; --             ;
; PHYSICAL_SYNTHESIS_ASYNCHRONOUS_SIGNAL_PIPELINING ; On                              ; Off           ; --          ; --             ;
; PHYSICAL_SYNTHESIS_COMBO_LOGIC                    ; On                              ; Off           ; --          ; --             ;
; PHYSICAL_SYNTHESIS_COMBO_LOGIC_FOR_AREA           ; On                              ; Off           ; --          ; --             ;
; PHYSICAL_SYNTHESIS_EFFORT                         ; Fast                            ; Normal        ; --          ; --             ;
; PHYSICAL_SYNTHESIS_REGISTER_DUPLICATION           ; On                              ; Off           ; --          ; --             ;
; PHYSICAL_SYNTHESIS_REGISTER_RETIMING              ; On                              ; Off           ; --          ; --             ;
; POWER_PRESET_COOLING_SOLUTION                     ; No Heat Sink With Still Air     ; --            ; --          ; --             ;
; PROJECT_OUTPUT_DIRECTORY                          ; output_files                    ; --            ; --          ; --             ;
+---------------------------------------------------+---------------------------------+---------------+-------------+----------------+


+-------------------------------------------------------------------------------------------------------------------------------+
; Flow Elapsed Time                                                                                                             ;
+---------------------------+--------------+-------------------------+---------------------+------------------------------------+
; Module Name               ; Elapsed Time ; Average Processors Used ; Peak Virtual Memory ; Total CPU Time (on all processors) ;
+---------------------------+--------------+-------------------------+---------------------+------------------------------------+
; Analysis & Synthesis      ; 00:00:02     ; 1.0                     ; 519 MB              ; 00:00:02                           ;
; Fitter                    ; 00:00:04     ; 1.0                     ; 806 MB              ; 00:00:04                           ;
; Assembler                 ; 00:00:00     ; 1.0                     ; 468 MB              ; 00:00:01                           ;
; TimeQuest Timing Analyzer ; 00:00:02     ; 1.0                     ; 464 MB              ; 00:00:01                           ;
; EDA Netlist Writer        ; 00:00:00     ; 1.0                     ; 440 MB              ; 00:00:01                           ;
; Total                     ; 00:00:08     ; --                      ; --                  ; 00:00:09                           ;
+---------------------------+--------------+-------------------------+---------------------+------------------------------------+


+----------------------------------------------------------------------------------------+
; Flow OS Summary                                                                        ;
+---------------------------+------------------+-----------+------------+----------------+
; Module Name               ; Machine Hostname ; OS Name   ; OS Version ; Processor type ;
+---------------------------+------------------+-----------+------------+----------------+
; Analysis & Synthesis      ; Toshiba-i5       ; Windows 7 ; 6.2        ; x86_64         ;
; Fitter                    ; Toshiba-i5       ; Windows 7 ; 6.2        ; x86_64         ;
; Assembler                 ; Toshiba-i5       ; Windows 7 ; 6.2        ; x86_64         ;
; TimeQuest Timing Analyzer ; Toshiba-i5       ; Windows 7 ; 6.2        ; x86_64         ;
; EDA Netlist Writer        ; Toshiba-i5       ; Windows 7 ; 6.2        ; x86_64         ;
+---------------------------+------------------+-----------+------------+----------------+


------------
; Flow Log ;
------------
quartus_map --read_settings_files=on --write_settings_files=off EPT_5M57_AP_U2_Top -c EPT_5M57_AP_U2_Top
quartus_fit --read_settings_files=off --write_settings_files=off EPT_5M57_AP_U2_Top -c EPT_5M57_AP_U2_Top
quartus_asm --read_settings_files=off --write_settings_files=off EPT_5M57_AP_U2_Top -c EPT_5M57_AP_U2_Top
quartus_sta EPT_5M57_AP_U2_Top -c EPT_5M57_AP_U2_Top
quartus_eda --read_settings_files=off --write_settings_files=off EPT_5M57_AP_U2_Top -c EPT_5M57_AP_U2_Top



